
  .   ____          _            __ _ _
 /\\ / ___'_ __ _ _(_)_ __  __ _ \ \ \ \
( ( )\___ | '_ | '_| | '_ \/ _` | \ \ \ \
 \\/  ___)| |_)| | | | | || (_| |  ) ) ) )
  '  |____| .__|_| |_|_| |_\__, | / / / /
 =========|_|==============|___/=/_/_/_/
 :: Spring Boot ::                (v3.2.4)

2025-09-22T07:01:10.336Z  INFO 12186 --- [           main] c.example.hellomvc.HelloMvcApplication   : Starting HelloMvcApplication v0.0.1-SNAPSHOT using Java 21.0.8 with PID 12186 (/home/ubuntu/test-repo-for-devops/target/hellomvc-0.0.1-SNAPSHOT.jar started by root in /home/ubuntu/test-repo-for-devops)
2025-09-22T07:01:10.342Z  INFO 12186 --- [           main] c.example.hellomvc.HelloMvcApplication   : No active profile set, falling back to 1 default profile: "default"
2025-09-22T07:01:12.411Z  INFO 12186 --- [           main] o.s.b.w.embedded.tomcat.TomcatWebServer  : Tomcat initialized with port 80 (http)
2025-09-22T07:01:12.436Z  INFO 12186 --- [           main] o.apache.catalina.core.StandardService   : Starting service [Tomcat]
2025-09-22T07:01:12.437Z  INFO 12186 --- [           main] o.apache.catalina.core.StandardEngine    : Starting Servlet engine: [Apache Tomcat/10.1.19]
2025-09-22T07:01:12.492Z  INFO 12186 --- [           main] o.a.c.c.C.[Tomcat].[localhost].[/]       : Initializing Spring embedded WebApplicationContext
2025-09-22T07:01:12.493Z  INFO 12186 --- [           main] w.s.c.ServletWebServerApplicationContext : Root WebApplicationContext: initialization completed in 1981 ms
2025-09-22T07:01:13.162Z  WARN 12186 --- [           main] ConfigServletWebServerApplicationContext : Exception encountered during context initialization - cancelling refresh attempt: org.springframework.context.ApplicationContextException: Failed to start bean 'webServerStartStop'
2025-09-22T07:01:13.188Z  INFO 12186 --- [           main] .s.b.a.l.ConditionEvaluationReportLogger : 

Error starting ApplicationContext. To display the condition evaluation report re-run your application with 'debug' enabled.
2025-09-22T07:01:13.212Z ERROR 12186 --- [           main] o.s.b.d.LoggingFailureAnalysisReporter   : 

***************************
APPLICATION FAILED TO START
***************************

Description:

Web server failed to start. Port 80 was already in use.

Action:

Identify and stop the process that's listening on port 80 or configure this application to listen on another port.

